2017-01-22 07:55:37.495  INFO 16381 --- [main] c.c.n.m.SamplerApplicationTests          : Starting SamplerApplicationTests on ubuntu with PID 16381 (started by root in /home/cdoar/git/cloud-network-test/base/sampler)
2017-01-22 07:55:37.506  INFO 16381 --- [main] c.c.n.m.SamplerApplicationTests          : No active profile set, falling back to default profiles: default
2017-01-22 07:55:37.643  INFO 16381 --- [main] o.s.w.c.s.GenericWebApplicationContext   : Refreshing org.springframework.web.context.support.GenericWebApplicationContext@5f049ea1: startup date [Sun Jan 22 07:55:37 PST 2017]; root of context hierarchy
2017-01-22 07:55:43.237  INFO 16381 --- [main] s.w.s.m.m.a.RequestMappingHandlerAdapter : Looking for @ControllerAdvice: org.springframework.web.context.support.GenericWebApplicationContext@5f049ea1: startup date [Sun Jan 22 07:55:37 PST 2017]; root of context hierarchy
2017-01-22 07:55:43.459  INFO 16381 --- [main] s.w.s.m.m.a.RequestMappingHandlerMapping : Mapped "{[/sampler/iperf3/server],methods=[DELETE]}" onto public java.lang.String com.clean.network.measurement.controller.SamplerController.killIperf3Server(domain.ServerParams) throws java.io.IOException
2017-01-22 07:55:43.465  INFO 16381 --- [main] s.w.s.m.m.a.RequestMappingHandlerMapping : Mapped "{[/sampler/iperf3/server],methods=[GET]}" onto public java.util.List<java.lang.Integer> com.clean.network.measurement.controller.SamplerController.getIperf3Servers() throws java.io.IOException
2017-01-22 07:55:43.466  INFO 16381 --- [main] s.w.s.m.m.a.RequestMappingHandlerMapping : Mapped "{[/sampler/icmp/run],methods=[POST]}" onto public java.util.List<domain.IcmpLatencySample> com.clean.network.measurement.controller.SamplerController.runIcmpLatencyTest(domain.LatencyTestParams)
2017-01-22 07:55:43.467  INFO 16381 --- [main] s.w.s.m.m.a.RequestMappingHandlerMapping : Mapped "{[/sampler/iperf3/client],methods=[POST]}" onto public java.lang.String com.clean.network.measurement.controller.SamplerController.runIperf3Client(domain.ClientParams) throws java.io.IOException
2017-01-22 07:55:43.467  INFO 16381 --- [main] s.w.s.m.m.a.RequestMappingHandlerMapping : Mapped "{[/sampler/iperf3/server],methods=[POST]}" onto public java.lang.String com.clean.network.measurement.controller.SamplerController.runIperf3Server(domain.ServerParams) throws java.io.IOException
2017-01-22 07:55:43.468  INFO 16381 --- [main] s.w.s.m.m.a.RequestMappingHandlerMapping : Mapped "{[/sampler/test],methods=[GET]}" onto public java.lang.String com.clean.network.measurement.controller.SamplerController.test() throws java.io.IOException
2017-01-22 07:55:43.486  INFO 16381 --- [main] s.w.s.m.m.a.RequestMappingHandlerMapping : Mapped "{[/error],produces=[text/html]}" onto public org.springframework.web.servlet.ModelAndView org.springframework.boot.autoconfigure.web.BasicErrorController.errorHtml(javax.servlet.http.HttpServletRequest,javax.servlet.http.HttpServletResponse)
2017-01-22 07:55:43.496  INFO 16381 --- [main] s.w.s.m.m.a.RequestMappingHandlerMapping : Mapped "{[/error]}" onto public org.springframework.http.ResponseEntity<java.util.Map<java.lang.String, java.lang.Object>> org.springframework.boot.autoconfigure.web.BasicErrorController.error(javax.servlet.http.HttpServletRequest)
2017-01-22 07:55:43.639  INFO 16381 --- [main] o.s.w.s.handler.SimpleUrlHandlerMapping  : Mapped URL path [/webjars/**] onto handler of type [class org.springframework.web.servlet.resource.ResourceHttpRequestHandler]
2017-01-22 07:55:43.643  INFO 16381 --- [main] o.s.w.s.handler.SimpleUrlHandlerMapping  : Mapped URL path [/**] onto handler of type [class org.springframework.web.servlet.resource.ResourceHttpRequestHandler]
2017-01-22 07:55:43.804  INFO 16381 --- [main] o.s.w.s.handler.SimpleUrlHandlerMapping  : Mapped URL path [/**/favicon.ico] onto handler of type [class org.springframework.web.servlet.resource.ResourceHttpRequestHandler]
2017-01-22 07:55:44.345  INFO 16381 --- [main] c.c.n.m.SamplerApplicationTests          : Started SamplerApplicationTests in 8.237 seconds (JVM running for 13.524)
2017-01-22 07:55:44.522  INFO 16381 --- [Thread-1] o.s.w.c.s.GenericWebApplicationContext   : Closing org.springframework.web.context.support.GenericWebApplicationContext@5f049ea1: startup date [Sun Jan 22 07:55:37 PST 2017]; root of context hierarchy
2017-01-24 03:31:22.491  INFO 2835 --- [main] c.c.n.m.SamplerApplicationTests          : Starting SamplerApplicationTests on ubuntu with PID 2835 (started by root in /home/cdoar/git/cloud-network-test/base/sampler)
2017-01-24 03:31:22.503  INFO 2835 --- [main] c.c.n.m.SamplerApplicationTests          : No active profile set, falling back to default profiles: default
2017-01-24 03:31:22.666  INFO 2835 --- [main] o.s.w.c.s.GenericWebApplicationContext   : Refreshing org.springframework.web.context.support.GenericWebApplicationContext@5f049ea1: startup date [Tue Jan 24 03:31:22 PST 2017]; root of context hierarchy
2017-01-24 03:31:26.651  INFO 2835 --- [main] s.w.s.m.m.a.RequestMappingHandlerAdapter : Looking for @ControllerAdvice: org.springframework.web.context.support.GenericWebApplicationContext@5f049ea1: startup date [Tue Jan 24 03:31:22 PST 2017]; root of context hierarchy
2017-01-24 03:31:26.802  INFO 2835 --- [main] s.w.s.m.m.a.RequestMappingHandlerMapping : Mapped "{[/sampler/iperf3/client],methods=[POST]}" onto public java.lang.String com.clean.network.measurement.controller.SamplerController.runIperf3Client(domain.ClientParams) throws java.io.IOException
2017-01-24 03:31:26.804  INFO 2835 --- [main] s.w.s.m.m.a.RequestMappingHandlerMapping : Mapped "{[/sampler/iperf3/server],methods=[POST]}" onto public java.lang.String com.clean.network.measurement.controller.SamplerController.runIperf3Server(domain.ServerParams) throws java.io.IOException
2017-01-24 03:31:26.805  INFO 2835 --- [main] s.w.s.m.m.a.RequestMappingHandlerMapping : Mapped "{[/sampler/iperf3/server],methods=[DELETE]}" onto public java.lang.String com.clean.network.measurement.controller.SamplerController.killIperf3Server(domain.ServerParams) throws java.io.IOException
2017-01-24 03:31:26.808  INFO 2835 --- [main] s.w.s.m.m.a.RequestMappingHandlerMapping : Mapped "{[/sampler/iperf3/server],methods=[GET]}" onto public java.util.List<java.lang.Integer> com.clean.network.measurement.controller.SamplerController.getIperf3Servers() throws java.io.IOException
2017-01-24 03:31:26.809  INFO 2835 --- [main] s.w.s.m.m.a.RequestMappingHandlerMapping : Mapped "{[/sampler/icmp/run],methods=[POST]}" onto public java.util.List<domain.IcmpLatencySample> com.clean.network.measurement.controller.SamplerController.runIcmpLatencyTest(domain.LatencyTestParams)
2017-01-24 03:31:26.810  INFO 2835 --- [main] s.w.s.m.m.a.RequestMappingHandlerMapping : Mapped "{[/sampler/test],methods=[GET]}" onto public java.lang.String com.clean.network.measurement.controller.SamplerController.test() throws java.io.IOException
2017-01-24 03:31:26.850  INFO 2835 --- [main] s.w.s.m.m.a.RequestMappingHandlerMapping : Mapped "{[/error],produces=[text/html]}" onto public org.springframework.web.servlet.ModelAndView org.springframework.boot.autoconfigure.web.BasicErrorController.errorHtml(javax.servlet.http.HttpServletRequest,javax.servlet.http.HttpServletResponse)
2017-01-24 03:31:26.850  INFO 2835 --- [main] s.w.s.m.m.a.RequestMappingHandlerMapping : Mapped "{[/error]}" onto public org.springframework.http.ResponseEntity<java.util.Map<java.lang.String, java.lang.Object>> org.springframework.boot.autoconfigure.web.BasicErrorController.error(javax.servlet.http.HttpServletRequest)
2017-01-24 03:31:26.946  INFO 2835 --- [main] o.s.w.s.handler.SimpleUrlHandlerMapping  : Mapped URL path [/webjars/**] onto handler of type [class org.springframework.web.servlet.resource.ResourceHttpRequestHandler]
2017-01-24 03:31:26.951  INFO 2835 --- [main] o.s.w.s.handler.SimpleUrlHandlerMapping  : Mapped URL path [/**] onto handler of type [class org.springframework.web.servlet.resource.ResourceHttpRequestHandler]
2017-01-24 03:31:27.115  INFO 2835 --- [main] o.s.w.s.handler.SimpleUrlHandlerMapping  : Mapped URL path [/**/favicon.ico] onto handler of type [class org.springframework.web.servlet.resource.ResourceHttpRequestHandler]
2017-01-24 03:31:27.543  INFO 2835 --- [main] c.c.n.m.SamplerApplicationTests          : Started SamplerApplicationTests in 6.203 seconds (JVM running for 8.626)
2017-01-24 03:31:27.697  INFO 2835 --- [Thread-1] o.s.w.c.s.GenericWebApplicationContext   : Closing org.springframework.web.context.support.GenericWebApplicationContext@5f049ea1: startup date [Tue Jan 24 03:31:22 PST 2017]; root of context hierarchy
2017-01-26 10:40:20.963  INFO 34637 --- [main] c.c.n.m.SamplerApplicationTests          : Starting SamplerApplicationTests on ubuntu with PID 34637 (started by root in /home/cdoar/git/cloud-network-test/base/sampler)
2017-01-26 10:40:20.968  INFO 34637 --- [main] c.c.n.m.SamplerApplicationTests          : No active profile set, falling back to default profiles: default
2017-01-26 10:40:21.093  INFO 34637 --- [main] o.s.w.c.s.GenericWebApplicationContext   : Refreshing org.springframework.web.context.support.GenericWebApplicationContext@5f049ea1: startup date [Thu Jan 26 10:40:21 PST 2017]; root of context hierarchy
2017-01-26 10:40:24.721  INFO 34637 --- [main] s.w.s.m.m.a.RequestMappingHandlerAdapter : Looking for @ControllerAdvice: org.springframework.web.context.support.GenericWebApplicationContext@5f049ea1: startup date [Thu Jan 26 10:40:21 PST 2017]; root of context hierarchy
2017-01-26 10:40:24.894  INFO 34637 --- [main] s.w.s.m.m.a.RequestMappingHandlerMapping : Mapped "{[/sampler/iperf3/client],methods=[POST]}" onto public java.lang.String com.clean.network.measurement.controller.SamplerController.runIperf3Client(domain.ClientParams) throws java.io.IOException
2017-01-26 10:40:24.900  INFO 34637 --- [main] s.w.s.m.m.a.RequestMappingHandlerMapping : Mapped "{[/sampler/iperf3/server],methods=[POST]}" onto public java.lang.String com.clean.network.measurement.controller.SamplerController.runIperf3Server(domain.ServerParams) throws java.io.IOException
2017-01-26 10:40:24.900  INFO 34637 --- [main] s.w.s.m.m.a.RequestMappingHandlerMapping : Mapped "{[/sampler/iperf3/server],methods=[DELETE]}" onto public java.lang.String com.clean.network.measurement.controller.SamplerController.killIperf3Server(domain.ServerParams) throws java.io.IOException
2017-01-26 10:40:24.901  INFO 34637 --- [main] s.w.s.m.m.a.RequestMappingHandlerMapping : Mapped "{[/sampler/iperf3/server],methods=[GET]}" onto public java.util.List<java.lang.Integer> com.clean.network.measurement.controller.SamplerController.getIperf3Servers() throws java.io.IOException
2017-01-26 10:40:24.907  INFO 34637 --- [main] s.w.s.m.m.a.RequestMappingHandlerMapping : Mapped "{[/sampler/icmp/run],methods=[POST]}" onto public java.util.List<domain.IcmpLatencySample> com.clean.network.measurement.controller.SamplerController.runIcmpLatencyTest(domain.LatencyTestParams)
2017-01-26 10:40:24.909  INFO 34637 --- [main] s.w.s.m.m.a.RequestMappingHandlerMapping : Mapped "{[/sampler/test],methods=[GET]}" onto public java.lang.String com.clean.network.measurement.controller.SamplerController.test() throws java.io.IOException
2017-01-26 10:40:24.940  INFO 34637 --- [main] s.w.s.m.m.a.RequestMappingHandlerMapping : Mapped "{[/error],produces=[text/html]}" onto public org.springframework.web.servlet.ModelAndView org.springframework.boot.autoconfigure.web.BasicErrorController.errorHtml(javax.servlet.http.HttpServletRequest,javax.servlet.http.HttpServletResponse)
2017-01-26 10:40:24.949  INFO 34637 --- [main] s.w.s.m.m.a.RequestMappingHandlerMapping : Mapped "{[/error]}" onto public org.springframework.http.ResponseEntity<java.util.Map<java.lang.String, java.lang.Object>> org.springframework.boot.autoconfigure.web.BasicErrorController.error(javax.servlet.http.HttpServletRequest)
2017-01-26 10:40:25.059  INFO 34637 --- [main] o.s.w.s.handler.SimpleUrlHandlerMapping  : Mapped URL path [/webjars/**] onto handler of type [class org.springframework.web.servlet.resource.ResourceHttpRequestHandler]
2017-01-26 10:40:25.076  INFO 34637 --- [main] o.s.w.s.handler.SimpleUrlHandlerMapping  : Mapped URL path [/**] onto handler of type [class org.springframework.web.servlet.resource.ResourceHttpRequestHandler]
2017-01-26 10:40:25.222  INFO 34637 --- [main] o.s.w.s.handler.SimpleUrlHandlerMapping  : Mapped URL path [/**/favicon.ico] onto handler of type [class org.springframework.web.servlet.resource.ResourceHttpRequestHandler]
2017-01-26 10:40:25.531  INFO 34637 --- [main] c.c.n.m.SamplerApplicationTests          : Started SamplerApplicationTests in 5.366 seconds (JVM running for 7.451)
2017-01-26 10:40:25.636  INFO 34637 --- [Thread-1] o.s.w.c.s.GenericWebApplicationContext   : Closing org.springframework.web.context.support.GenericWebApplicationContext@5f049ea1: startup date [Thu Jan 26 10:40:21 PST 2017]; root of context hierarchy
